<?xml version="1.0" encoding="UTF-8"?>
<!-- Generated by org.testng.reporters.JUnitReportReporter -->
<testsuite skipped="0" hostname="DESKTOP-E8K5D1K" name="UserSearch" tests="1" failures="0" timestamp="2019-12-04T17:26:15 CET" time="3.423" errors="0">
  <testcase name="testUserSearch" time="3.423" classname="UserSearch"/>
</testsuite> <!-- UserSearch -->
